<?xml version="1.0" encoding="UTF-8"?>
<!-- Generated by org.testng.reporters.JUnitXMLReporter -->
<testsuite hostname="DESKTOP-4UBEI9K" ignored="0" tests="1" failures="1" timestamp="06 Jun 2018 09:38:58 GMT" time="9.903" errors="0">
  <testcase name="homePageTest" time="0.0" classname="RegistrationProcessTest">
    <failure type="org.testng.TestNGException" message="
Method public void RegistrationProcessTest.homePageTest(java.lang.String,java.lang.String) requires a @DataProvider named : Authentication">
      <![CDATA[org.testng.TestNGException: 
Method public void RegistrationProcessTest.homePageTest(java.lang.String,java.lang.String) requires a @DataProvider named : Authentication
... Removed 26 stack frames]]>
    </failure>
  </testcase> <!-- homePageTest -->
</testsuite>
