<?xml version="1.0" encoding="UTF-8"?>
<testsuite xmlns:xsi="http://www.w3.org/2001/XMLSchema-instance" xsi:noNamespaceSchemaLocation="https://maven.apache.org/surefire/maven-surefire-plugin/xsd/surefire-test-report.xsd" name="TestSuite" time="11.13" tests="1" errors="0" skipped="0" failures="1">
  <properties>
[...]
</properties>
  <testcase name="homePageTest" classname="RegistrationProcessTest" time="9.957">
    <failure message="&#10;Method public void RegistrationProcessTest.homePageTest(java.lang.String,java.lang.String) requires a @DataProvider named : Authentication" type="org.testng.TestNGException">org.testng.TestNGException: 

Method public void RegistrationProcessTest.homePageTest(java.lang.String,java.lang.String) requires a @DataProvider named : Authentication
</failure>
    <system-out><![CDATA[[TestNG] [WARN] Ignoring duplicate listener : ru.yandex.qatools.allure.testng.AllureTestListener
[TestNG] [WARN] Ignoring duplicate listener : ru.yandex.qatools.allure.testng.AllureTestListener
12:38:57.591 [main] INFO common.LogFactory - -------------------------Initializing logger-------------------------
]]></system-out>
    <system-err><![CDATA[Starting ChromeDriver 2.38.552522 (437e6fbedfa8762dec75e2c5b3ddb86763dc9dcb) on port 25309
Only local connections are allowed.
Jun 06, 2018 12:38:51 PM org.openqa.selenium.remote.ProtocolHandshake createSession
INFO: Detected dialect: OSS
[Utils] [ERROR] [Error] org.testng.TestNGException: 
Method public void RegistrationProcessTest.homePageTest(java.lang.String,java.lang.String) requires a @DataProvider named : Authentication
	at org.testng.internal.Parameters.findDataProvider(Parameters.java:336)
	at org.testng.internal.Parameters.handleParameters(Parameters.java:498)
	at org.testng.internal.Invoker.handleParameters(Invoker.java:1308)
	at org.testng.internal.Invoker.createParameters(Invoker.java:1036)
	at org.testng.internal.Invoker.invokeTestMethods(Invoker.java:1126)
	at org.testng.internal.TestMethodWorker.invokeTestMethods(TestMethodWorker.java:126)
	at org.testng.internal.TestMethodWorker.run(TestMethodWorker.java:109)
	at org.testng.TestRunner.privateRun(TestRunner.java:744)
	at org.testng.TestRunner.run(TestRunner.java:602)
	at org.testng.SuiteRunner.runTest(SuiteRunner.java:380)
	at org.testng.SuiteRunner.runSequentially(SuiteRunner.java:375)
	at org.testng.SuiteRunner.privateRun(SuiteRunner.java:340)
	at org.testng.SuiteRunner.run(SuiteRunner.java:289)
	at org.testng.SuiteRunnerWorker.runSuite(SuiteRunnerWorker.java:52)
	at org.testng.SuiteRunnerWorker.run(SuiteRunnerWorker.java:86)
	at org.testng.TestNG.runSuitesSequentially(TestNG.java:1301)
	at org.testng.TestNG.runSuitesLocally(TestNG.java:1226)
	at org.testng.TestNG.runSuites(TestNG.java:1144)
	at org.testng.TestNG.run(TestNG.java:1115)
	at org.apache.maven.surefire.testng.TestNGExecutor.run(TestNGExecutor.java:283)
	at org.apache.maven.surefire.testng.TestNGXmlTestSuite.execute(TestNGXmlTestSuite.java:75)
	at org.apache.maven.surefire.testng.TestNGProvider.invoke(TestNGProvider.java:120)
	at org.apache.maven.surefire.booter.ForkedBooter.invokeProviderInSameClassLoader(ForkedBooter.java:379)
	at org.apache.maven.surefire.booter.ForkedBooter.runSuitesInProcess(ForkedBooter.java:340)
	at org.apache.maven.surefire.booter.ForkedBooter.execute(ForkedBooter.java:125)
	at org.apache.maven.surefire.booter.ForkedBooter.main(ForkedBooter.java:413)

]]></system-err>
  </testcase>
</testsuite>