<?xml version="1.0" encoding="UTF-8"?>
<testng-results skipped="0" failed="1" ignored="0" total="1" passed="0">
  <reporter-output>
  </reporter-output>
  <suite name="Suite1" duration-ms="9903" started-at="2018-06-06T09:38:48Z" finished-at="2018-06-06T09:38:58Z">
    <groups>
    </groups>
    <test name="Test browser" duration-ms="9903" started-at="2018-06-06T09:38:48Z" finished-at="2018-06-06T09:38:58Z">
      <class name="RegistrationProcessTest">
        <test-method status="PASS" signature="beforeClass(common.BrowserEnum)[pri:0, instance:RegistrationProcessTest@28f878a0]" name="beforeClass" is-config="true" duration-ms="9050" started-at="2018-06-06T12:38:48Z" finished-at="2018-06-06T12:38:57Z">
          <params>
            <param index="0">
              <value>
                <![CDATA[CHROME]]>
              </value>
            </param>
          </params>
          <reporter-output>
          </reporter-output>
        </test-method> <!-- beforeClass -->
        <test-method status="FAIL" signature="homePageTest(java.lang.String, java.lang.String)[pri:0, instance:RegistrationProcessTest@28f878a0]" name="homePageTest" duration-ms="0" started-at="2018-06-06T12:38:57Z" data-provider="Authentication" finished-at="2018-06-06T12:38:57Z">
          <exception class="org.testng.TestNGException">
            <message>
              <![CDATA[
Method public void RegistrationProcessTest.homePageTest(java.lang.String,java.lang.String) requires a @DataProvider named : Authentication]]>
            </message>
            <full-stacktrace>
              <![CDATA[org.testng.TestNGException: 
Method public void RegistrationProcessTest.homePageTest(java.lang.String,java.lang.String) requires a @DataProvider named : Authentication
	at org.testng.internal.Parameters.findDataProvider(Parameters.java:336)
	at org.testng.internal.Parameters.handleParameters(Parameters.java:498)
	at org.testng.internal.Invoker.handleParameters(Invoker.java:1308)
	at org.testng.internal.Invoker.createParameters(Invoker.java:1036)
	at org.testng.internal.Invoker.invokeTestMethods(Invoker.java:1126)
	at org.testng.internal.TestMethodWorker.invokeTestMethods(TestMethodWorker.java:126)
	at org.testng.internal.TestMethodWorker.run(TestMethodWorker.java:109)
	at org.testng.TestRunner.privateRun(TestRunner.java:744)
	at org.testng.TestRunner.run(TestRunner.java:602)
	at org.testng.SuiteRunner.runTest(SuiteRunner.java:380)
	at org.testng.SuiteRunner.runSequentially(SuiteRunner.java:375)
	at org.testng.SuiteRunner.privateRun(SuiteRunner.java:340)
	at org.testng.SuiteRunner.run(SuiteRunner.java:289)
	at org.testng.SuiteRunnerWorker.runSuite(SuiteRunnerWorker.java:52)
	at org.testng.SuiteRunnerWorker.run(SuiteRunnerWorker.java:86)
	at org.testng.TestNG.runSuitesSequentially(TestNG.java:1301)
	at org.testng.TestNG.runSuitesLocally(TestNG.java:1226)
	at org.testng.TestNG.runSuites(TestNG.java:1144)
	at org.testng.TestNG.run(TestNG.java:1115)
	at org.apache.maven.surefire.testng.TestNGExecutor.run(TestNGExecutor.java:283)
	at org.apache.maven.surefire.testng.TestNGXmlTestSuite.execute(TestNGXmlTestSuite.java:75)
	at org.apache.maven.surefire.testng.TestNGProvider.invoke(TestNGProvider.java:120)
	at org.apache.maven.surefire.booter.ForkedBooter.invokeProviderInSameClassLoader(ForkedBooter.java:379)
	at org.apache.maven.surefire.booter.ForkedBooter.runSuitesInProcess(ForkedBooter.java:340)
	at org.apache.maven.surefire.booter.ForkedBooter.execute(ForkedBooter.java:125)
	at org.apache.maven.surefire.booter.ForkedBooter.main(ForkedBooter.java:413)
]]>
            </full-stacktrace>
          </exception> <!-- org.testng.TestNGException -->
          <reporter-output>
          </reporter-output>
        </test-method> <!-- homePageTest -->
        <test-method status="PASS" signature="tearDown()[pri:0, instance:RegistrationProcessTest@28f878a0]" name="tearDown" is-config="true" duration-ms="789" started-at="2018-06-06T12:38:57Z" finished-at="2018-06-06T12:38:58Z">
          <reporter-output>
          </reporter-output>
        </test-method> <!-- tearDown -->
      </class> <!-- RegistrationProcessTest -->
    </test> <!-- Test browser -->
  </suite> <!-- Suite1 -->
</testng-results>
